<?xml version="1.0" encoding="UTF-8"?>
<testng-results ignored="0" total="1" passed="1" failed="0" skipped="0">
  <reporter-output>
  </reporter-output>
  <suite started-at="2023-12-23T16:47:45 CET" name="Suite" finished-at="2023-12-23T16:47:49 CET" duration-ms="4676">
    <groups>
    </groups>
    <test started-at="2023-12-23T16:47:45 CET" name="Test" finished-at="2023-12-23T16:47:49 CET" duration-ms="4676">
      <class name="pkgmavenforjenkins.WebDriverMgr">
        <test-method signature="StartBrowser()[pri:0, instance:pkgmavenforjenkins.WebDriverMgr@5fdcaa40]" started-at="2023-12-23T16:47:45 CET" name="StartBrowser" finished-at="2023-12-23T16:47:49 CET" duration-ms="4648" status="PASS">
          <reporter-output>
          </reporter-output>
        </test-method> <!-- StartBrowser -->
      </class> <!-- pkgmavenforjenkins.WebDriverMgr -->
    </test> <!-- Test -->
  </suite> <!-- Suite -->
</testng-results>
