<?xml version="1.0" encoding="UTF-8"?>
<testng-results ignored="0" total="1" passed="1" failed="0" skipped="0">
  <reporter-output>
  </reporter-output>
  <suite started-at="2024-01-22T10:41:18 CET" name="Suite" finished-at="2024-01-22T10:41:25 CET" duration-ms="6579">
    <groups>
    </groups>
    <test started-at="2024-01-22T10:41:18 CET" name="Test" finished-at="2024-01-22T10:41:25 CET" duration-ms="6579">
      <class name="pkgmavenforjenkins.WebDriverMgr">
        <test-method signature="StartBrowser(java.lang.String)[pri:0, instance:pkgmavenforjenkins.WebDriverMgr@8dbdac1]" started-at="2024-01-22T10:41:18 CET" name="StartBrowser" finished-at="2024-01-22T10:41:25 CET" duration-ms="6551" status="PASS">
          <params>
            <param index="0">
              <value>
                <![CDATA[Chrome]]>
              </value>
            </param>
          </params>
          <reporter-output>
          </reporter-output>
        </test-method> <!-- StartBrowser -->
      </class> <!-- pkgmavenforjenkins.WebDriverMgr -->
    </test> <!-- Test -->
  </suite> <!-- Suite -->
</testng-results>
